This file contains any messages produced by compilers while
running configure, to aid debugging if configure makes a mistake.

It was created by hello configure 1.0, which was
generated by GNU Autoconf 2.69.  Invocation command line was

  $ ./configure 

## --------- ##
## Platform. ##
## --------- ##

hostname = easybrezzy-VirtualBox
uname -m = x86_64
uname -r = 5.13.0-41-generic
uname -s = Linux
uname -v = #46~20.04.1-Ubuntu SMP Wed Apr 20 13:16:21 UTC 2022

/usr/bin/uname -p = x86_64
/bin/uname -X     = unknown

/bin/arch              = x86_64
/usr/bin/arch -k       = unknown
/usr/convex/getsysinfo = unknown
/usr/bin/hostinfo      = unknown
/bin/machine           = unknown
/usr/bin/oslevel       = unknown
/bin/universe          = unknown

PATH: =/home/easybrezzy/.local/bin
PATH: /home/easybrezzy/.local/bin
PATH: /usr/local/sbin
PATH: /usr/local/bin
PATH: /usr/sbin
PATH: /usr/bin
PATH: /sbin
PATH: /bin
PATH: /usr/games
PATH: /usr/local/games
PATH: /snap/bin
PATH: /home/easybrezzy/App/cmake/bin
PATH: /home/easybrezzy//App/cmake/bin
PATH: /home/easybrezzy/
PATH: /home/easybrezzy/comp


## ----------- ##
## Core tests. ##
## ----------- ##

configure:1888: checking for a BSD-compatible install
configure:1956: result: /usr/bin/install -c
configure:1967: checking whether build environment is sane
configure:2022: result: yes
configure:2171: checking for a thread-safe mkdir -p
configure:2210: result: /usr/bin/mkdir -p
configure:2217: checking for gawk
configure:2247: result: no
configure:2217: checking for mawk
configure:2233: found /usr/bin/mawk
configure:2244: result: mawk
configure:2255: checking whether make sets $(MAKE)
configure:2277: result: yes
configure:2306: checking whether make supports nested variables
configure:2323: result: yes
configure:2513: checking for g++
configure:2529: found /usr/bin/g++
configure:2540: result: g++
configure:2567: checking for C++ compiler version
configure:2576: g++ --version >&5
g++ (Ubuntu 9.4.0-1ubuntu1~20.04.1) 9.4.0
Copyright (C) 2019 Free Software Foundation, Inc.
This is free software; see the source for copying conditions.  There is NO
warranty; not even for MERCHANTABILITY or FITNESS FOR A PARTICULAR PURPOSE.

configure:2587: $? = 0
configure:2576: g++ -v >&5
Using built-in specs.
COLLECT_GCC=g++
COLLECT_LTO_WRAPPER=/usr/lib/gcc/x86_64-linux-gnu/9/lto-wrapper
OFFLOAD_TARGET_NAMES=nvptx-none:hsa
OFFLOAD_TARGET_DEFAULT=1
Target: x86_64-linux-gnu
Configured with: ../src/configure -v --with-pkgversion='Ubuntu 9.4.0-1ubuntu1~20.04.1' --with-bugurl=file:///usr/share/doc/gcc-9/README.Bugs --enable-languages=c,ada,c++,go,brig,d,fortran,objc,obj-c++,gm2 --prefix=/usr --with-gcc-major-version-only --program-suffix=-9 --program-prefix=x86_64-linux-gnu- --enable-shared --enable-linker-build-id --libexecdir=/usr/lib --without-included-gettext --enable-threads=posix --libdir=/usr/lib --enable-nls --enable-clocale=gnu --enable-libstdcxx-debug --enable-libstdcxx-time=yes --with-default-libstdcxx-abi=new --enable-gnu-unique-object --disable-vtable-verify --enable-plugin --enable-default-pie --with-system-zlib --with-target-system-zlib=auto --enable-objc-gc=auto --enable-multiarch --disable-werror --with-arch-32=i686 --with-abi=m64 --with-multilib-list=m32,m64,mx32 --enable-multilib --with-tune=generic --enable-offload-targets=nvptx-none=/build/gcc-9-Av3uEd/gcc-9-9.4.0/debian/tmp-nvptx/usr,hsa --without-cuda-driver --enable-checking=release --build=x86_64-linux-gnu --host=x86_64-linux-gnu --target=x86_64-linux-gnu
Thread model: posix
gcc version 9.4.0 (Ubuntu 9.4.0-1ubuntu1~20.04.1) 
configure:2587: $? = 0
configure:2576: g++ -V >&5
g++: error: unrecognized command line option '-V'
g++: fatal error: no input files
compilation terminated.
configure:2587: $? = 1
configure:2576: g++ -qversion >&5
g++: error: unrecognized command line option '-qversion'; did you mean '--version'?
g++: fatal error: no input files
compilation terminated.
configure:2587: $? = 1
configure:2607: checking whether the C++ compiler works
configure:2629: g++    conftest.cpp  >&5
configure:2633: $? = 0
configure:2681: result: yes
configure:2684: checking for C++ compiler default output file name
configure:2686: result: a.out
configure:2692: checking for suffix of executables
configure:2699: g++ -o conftest    conftest.cpp  >&5
configure:2703: $? = 0
configure:2725: result: 
configure:2747: checking whether we are cross compiling
configure:2755: g++ -o conftest    conftest.cpp  >&5
configure:2759: $? = 0
configure:2766: ./conftest
configure:2770: $? = 0
configure:2758: result: no
configure:2763: checking for suffix of object files
configure:2785: g++ -c   conftest.cpp >&5
configure:2789: $? = 0
configure:2810: result: o
configure:2814: checking whether we are using the GNU C++ compiler
configure:2833: g++ -c   conftest.cpp >&5
configure:2833: $? = 0
configure:2842: result: yes
configure:2851: checking whether g++ accepts -g
configure:2871: g++ -c -g  conftest.cpp >&5
configure:2871: $? = 0
configure:2912: result: yes
configure:2938: checking whether make supports the include directive
configure:2953: make -f confmf.GNU && cat confinc.out
this is the am__doit target
configure:2956: $? = 0
configure:2975: result: yes (GNU style)
configure:3000: checking dependency style of g++
configure:3111: result: gcc3
configure:3174: checking for gcc
configure:3190: found /usr/bin/gcc
configure:3201: result: gcc
configure:3430: checking for C compiler version
configure:3439: gcc --version >&5
gcc (Ubuntu 9.4.0-1ubuntu1~20.04.1) 9.4.0
Copyright (C) 2019 Free Software Foundation, Inc.
This is free software; see the source for copying conditions.  There is NO
warranty; not even for MERCHANTABILITY or FITNESS FOR A PARTICULAR PURPOSE.

configure:3450: $? = 0
configure:3439: gcc -v >&5
Using built-in specs.
COLLECT_GCC=gcc
COLLECT_LTO_WRAPPER=/usr/lib/gcc/x86_64-linux-gnu/9/lto-wrapper
OFFLOAD_TARGET_NAMES=nvptx-none:hsa
OFFLOAD_TARGET_DEFAULT=1
Target: x86_64-linux-gnu
Configured with: ../src/configure -v --with-pkgversion='Ubuntu 9.4.0-1ubuntu1~20.04.1' --with-bugurl=file:///usr/share/doc/gcc-9/README.Bugs --enable-languages=c,ada,c++,go,brig,d,fortran,objc,obj-c++,gm2 --prefix=/usr --with-gcc-major-version-only --program-suffix=-9 --program-prefix=x86_64-linux-gnu- --enable-shared --enable-linker-build-id --libexecdir=/usr/lib --without-included-gettext --enable-threads=posix --libdir=/usr/lib --enable-nls --enable-clocale=gnu --enable-libstdcxx-debug --enable-libstdcxx-time=yes --with-default-libstdcxx-abi=new --enable-gnu-unique-object --disable-vtable-verify --enable-plugin --enable-default-pie --with-system-zlib --with-target-system-zlib=auto --enable-objc-gc=auto --enable-multiarch --disable-werror --with-arch-32=i686 --with-abi=m64 --with-multilib-list=m32,m64,mx32 --enable-multilib --with-tune=generic --enable-offload-targets=nvptx-none=/build/gcc-9-Av3uEd/gcc-9-9.4.0/debian/tmp-nvptx/usr,hsa --without-cuda-driver --enable-checking=release --build=x86_64-linux-gnu --host=x86_64-linux-gnu --target=x86_64-linux-gnu
Thread model: posix
gcc version 9.4.0 (Ubuntu 9.4.0-1ubuntu1~20.04.1) 
configure:3450: $? = 0
configure:3439: gcc -V >&5
gcc: error: unrecognized command line option '-V'
gcc: fatal error: no input files
compilation terminated.
configure:3450: $? = 1
configure:3439: gcc -qversion >&5
gcc: error: unrecognized command line option '-qversion'; did you mean '--version'?
gcc: fatal error: no input files
compilation terminated.
configure:3450: $? = 1
configure:3454: checking whether we are using the GNU C compiler
configure:3473: gcc -c   conftest.c >&5
configure:3473: $? = 0
configure:3482: result: yes
configure:3491: checking whether gcc accepts -g
configure:3511: gcc -c -g  conftest.c >&5
configure:3511: $? = 0
configure:3552: result: yes
configure:3569: checking for gcc option to accept ISO C89
configure:3632: gcc  -c -g -O2  conftest.c >&5
configure:3632: $? = 0
configure:3645: result: none needed
configure:3670: checking whether gcc understands -c and -o together
configure:3692: gcc -c conftest.c -o conftest2.o
configure:3695: $? = 0
configure:3692: gcc -c conftest.c -o conftest2.o
configure:3695: $? = 0
configure:3707: result: yes
configure:3726: checking dependency style of gcc
configure:3837: result: gcc3
configure:3964: checking that generated files are newer than configure
configure:3970: result: done
configure:3997: creating ./config.status

## ---------------------- ##
## Running config.status. ##
## ---------------------- ##

This file was extended by hello config.status 1.0, which was
generated by GNU Autoconf 2.69.  Invocation command line was

  CONFIG_FILES    = 
  CONFIG_HEADERS  = 
  CONFIG_LINKS    = 
  CONFIG_COMMANDS = 
  $ ./config.status 

on easybrezzy-VirtualBox

config.status:842: creating Makefile
config.status:842: creating config.h
config.status:1071: executing depfiles commands
config.status:1148: cd .       && sed -e '/# am--include-marker/d' Makefile         | make -f - am--depfiles
config.status:1153: $? = 0

## ---------------- ##
## Cache variables. ##
## ---------------- ##

ac_cv_c_compiler_gnu=yes
ac_cv_cxx_compiler_gnu=yes
ac_cv_env_CCC_set=
ac_cv_env_CCC_value=
ac_cv_env_CC_set=
ac_cv_env_CC_value=
ac_cv_env_CFLAGS_set=
ac_cv_env_CFLAGS_value=
ac_cv_env_CPPFLAGS_set=
ac_cv_env_CPPFLAGS_value=
ac_cv_env_CXXFLAGS_set=
ac_cv_env_CXXFLAGS_value=
ac_cv_env_CXX_set=
ac_cv_env_CXX_value=
ac_cv_env_LDFLAGS_set=
ac_cv_env_LDFLAGS_value=
ac_cv_env_LIBS_set=
ac_cv_env_LIBS_value=
ac_cv_env_build_alias_set=
ac_cv_env_build_alias_value=
ac_cv_env_host_alias_set=
ac_cv_env_host_alias_value=
ac_cv_env_target_alias_set=
ac_cv_env_target_alias_value=
ac_cv_objext=o
ac_cv_path_install='/usr/bin/install -c'
ac_cv_path_mkdir=/usr/bin/mkdir
ac_cv_prog_AWK=mawk
ac_cv_prog_ac_ct_CC=gcc
ac_cv_prog_ac_ct_CXX=g++
ac_cv_prog_cc_c89=
ac_cv_prog_cc_g=yes
ac_cv_prog_cxx_g=yes
ac_cv_prog_make_make_set=yes
am_cv_CC_dependencies_compiler_type=gcc3
am_cv_CXX_dependencies_compiler_type=gcc3
am_cv_make_support_nested_variables=yes
am_cv_prog_cc_c_o=yes

## ----------------- ##
## Output variables. ##
## ----------------- ##

ACLOCAL='${SHELL} /home/easybrezzy/learngit/autoconf/hello/missing aclocal-1.16'
AMDEPBACKSLASH='\'
AMDEP_FALSE='#'
AMDEP_TRUE=''
AMTAR='$${TAR-tar}'
AM_BACKSLASH='\'
AM_DEFAULT_V='$(AM_DEFAULT_VERBOSITY)'
AM_DEFAULT_VERBOSITY='1'
AM_V='$(V)'
AUTOCONF='${SHELL} /home/easybrezzy/learngit/autoconf/hello/missing autoconf'
AUTOHEADER='${SHELL} /home/easybrezzy/learngit/autoconf/hello/missing autoheader'
AUTOMAKE='${SHELL} /home/easybrezzy/learngit/autoconf/hello/missing automake-1.16'
AWK='mawk'
CC='gcc'
CCDEPMODE='depmode=gcc3'
CFLAGS='-g -O2'
CPPFLAGS=''
CXX='g++'
CXXDEPMODE='depmode=gcc3'
CXXFLAGS='-g -O2'
CYGPATH_W='echo'
DEFS='-DHAVE_CONFIG_H'
DEPDIR='.deps'
ECHO_C=''
ECHO_N='-n'
ECHO_T=''
EXEEXT=''
INSTALL_DATA='${INSTALL} -m 644'
INSTALL_PROGRAM='${INSTALL}'
INSTALL_SCRIPT='${INSTALL}'
INSTALL_STRIP_PROGRAM='$(install_sh) -c -s'
LDFLAGS=''
LIBOBJS=''
LIBS=''
LTLIBOBJS=''
MAKEINFO='${SHELL} /home/easybrezzy/learngit/autoconf/hello/missing makeinfo'
MKDIR_P='/usr/bin/mkdir -p'
OBJEXT='o'
PACKAGE='hello'
PACKAGE_BUGREPORT='admin@qq.com'
PACKAGE_NAME='hello'
PACKAGE_STRING='hello 1.0'
PACKAGE_TARNAME='hello'
PACKAGE_URL=''
PACKAGE_VERSION='1.0'
PATH_SEPARATOR=':'
SET_MAKE=''
SHELL='/bin/bash'
STRIP=''
VERSION='1.0'
ac_ct_CC='gcc'
ac_ct_CXX='g++'
am__EXEEXT_FALSE=''
am__EXEEXT_TRUE='#'
am__fastdepCC_FALSE='#'
am__fastdepCC_TRUE=''
am__fastdepCXX_FALSE='#'
am__fastdepCXX_TRUE=''
am__include='include'
am__isrc=''
am__leading_dot='.'
am__nodep='_no'
am__quote=''
am__tar='$${TAR-tar} chof - "$$tardir"'
am__untar='$${TAR-tar} xf -'
bindir='${exec_prefix}/bin'
build_alias=''
datadir='${datarootdir}'
datarootdir='${prefix}/share'
docdir='${datarootdir}/doc/${PACKAGE_TARNAME}'
dvidir='${docdir}'
exec_prefix='${prefix}'
host_alias=''
htmldir='${docdir}'
includedir='${prefix}/include'
infodir='${datarootdir}/info'
install_sh='${SHELL} /home/easybrezzy/learngit/autoconf/hello/install-sh'
libdir='${exec_prefix}/lib'
libexecdir='${exec_prefix}/libexec'
localedir='${datarootdir}/locale'
localstatedir='${prefix}/var'
mandir='${datarootdir}/man'
mkdir_p='$(MKDIR_P)'
oldincludedir='/usr/include'
pdfdir='${docdir}'
prefix='/usr/local'
program_transform_name='s,x,x,'
psdir='${docdir}'
runstatedir='${localstatedir}/run'
sbindir='${exec_prefix}/sbin'
sharedstatedir='${prefix}/com'
sysconfdir='${prefix}/etc'
target_alias=''

## ----------- ##
## confdefs.h. ##
## ----------- ##

/* confdefs.h */
#define PACKAGE_NAME "hello"
#define PACKAGE_TARNAME "hello"
#define PACKAGE_VERSION "1.0"
#define PACKAGE_STRING "hello 1.0"
#define PACKAGE_BUGREPORT "admin@qq.com"
#define PACKAGE_URL ""
#define PACKAGE "hello"
#define VERSION "1.0"

configure: exit 0
